[2024-01-04 11:21:57,977][__main__][INFO] - configuration: 
 hparam_experiment:
  dataset_path: ~/datasets
  cuda: true
  batch_size: 16
  x_dim: 784
  hidden_dim: 200
  latent_dim: 20
  learning_rate: 0.001
  epochs: 2
  seed: 123

[2024-01-04 11:21:58,043][__main__][INFO] - Start training VAE...
[2024-01-04 11:21:58,047][__main__][INFO] - 0
[2024-01-04 11:21:58,460][__main__][INFO] - 100
[2024-01-04 11:21:58,865][__main__][INFO] - 200
[2024-01-04 11:21:59,274][__main__][INFO] - 300
[2024-01-04 11:21:59,679][__main__][INFO] - 400
[2024-01-04 11:22:00,085][__main__][INFO] - 500
[2024-01-04 11:22:00,490][__main__][INFO] - 600
[2024-01-04 11:22:01,028][__main__][INFO] - 700
[2024-01-04 11:22:01,474][__main__][INFO] - 800
[2024-01-04 11:22:01,898][__main__][INFO] - 900
[2024-01-04 11:22:02,309][__main__][INFO] - 1000
[2024-01-04 11:22:02,781][__main__][INFO] - 1100
[2024-01-04 11:22:03,354][__main__][INFO] - 1200
[2024-01-04 11:22:03,826][__main__][INFO] - 1300
[2024-01-04 11:22:04,272][__main__][INFO] - 1400
[2024-01-04 11:22:04,780][__main__][INFO] - 1500
[2024-01-04 11:22:05,199][__main__][INFO] - 1600
[2024-01-04 11:22:05,616][__main__][INFO] - 1700
[2024-01-04 11:22:06,093][__main__][INFO] - 1800
[2024-01-04 11:22:06,539][__main__][INFO] - 1900
[2024-01-04 11:22:06,976][__main__][INFO] - 2000
[2024-01-04 11:22:07,428][__main__][INFO] - 2100
[2024-01-04 11:22:07,855][__main__][INFO] - 2200
[2024-01-04 11:22:08,305][__main__][INFO] - 2300
[2024-01-04 11:22:08,814][__main__][INFO] - 2400
[2024-01-04 11:22:09,311][__main__][INFO] - 2500
[2024-01-04 11:22:09,737][__main__][INFO] - 2600
[2024-01-04 11:22:10,166][__main__][INFO] - 2700
[2024-01-04 11:22:10,622][__main__][INFO] - 2800
[2024-01-04 11:22:11,063][__main__][INFO] - 2900
[2024-01-04 11:22:11,527][__main__][INFO] - 3000
[2024-01-04 11:22:12,027][__main__][INFO] - 3100
[2024-01-04 11:22:12,498][__main__][INFO] - 3200
[2024-01-04 11:22:12,927][__main__][INFO] - 3300
[2024-01-04 11:22:13,362][__main__][INFO] - 3400
[2024-01-04 11:22:13,809][__main__][INFO] - 3500
[2024-01-04 11:22:14,280][__main__][INFO] - 3600
[2024-01-04 11:22:14,778][__main__][INFO] - 3700
[2024-01-04 11:22:15,084][__main__][INFO] - Epoch 1 complete!,  Average Loss: 115.92212853847614
[2024-01-04 11:22:15,088][__main__][INFO] - 0
[2024-01-04 11:22:15,615][__main__][INFO] - 100
[2024-01-04 11:22:16,094][__main__][INFO] - 200
[2024-01-04 11:22:16,662][__main__][INFO] - 300
[2024-01-04 11:22:17,194][__main__][INFO] - 400
[2024-01-04 11:22:17,680][__main__][INFO] - 500
[2024-01-04 11:22:18,147][__main__][INFO] - 600
[2024-01-04 11:22:18,585][__main__][INFO] - 700
[2024-01-04 11:22:19,064][__main__][INFO] - 800
[2024-01-04 11:22:19,510][__main__][INFO] - 900
[2024-01-04 11:22:19,980][__main__][INFO] - 1000
[2024-01-04 11:22:20,486][__main__][INFO] - 1100
[2024-01-04 11:22:21,116][__main__][INFO] - 1200
[2024-01-04 11:22:21,597][__main__][INFO] - 1300
[2024-01-04 11:22:22,093][__main__][INFO] - 1400
[2024-01-04 11:22:22,729][__main__][INFO] - 1500
[2024-01-04 11:22:23,320][__main__][INFO] - 1600
[2024-01-04 11:22:23,892][__main__][INFO] - 1700
[2024-01-04 11:22:24,387][__main__][INFO] - 1800
[2024-01-04 11:22:24,844][__main__][INFO] - 1900
[2024-01-04 11:22:25,492][__main__][INFO] - 2000
[2024-01-04 11:22:25,951][__main__][INFO] - 2100
[2024-01-04 11:22:26,474][__main__][INFO] - 2200
[2024-01-04 11:22:26,975][__main__][INFO] - 2300
[2024-01-04 11:22:27,453][__main__][INFO] - 2400
[2024-01-04 11:22:27,922][__main__][INFO] - 2500
[2024-01-04 11:22:28,414][__main__][INFO] - 2600
[2024-01-04 11:22:28,895][__main__][INFO] - 2700
[2024-01-04 11:22:29,380][__main__][INFO] - 2800
[2024-01-04 11:22:29,854][__main__][INFO] - 2900
[2024-01-04 11:22:30,378][__main__][INFO] - 3000
[2024-01-04 11:22:30,877][__main__][INFO] - 3100
[2024-01-04 11:22:31,338][__main__][INFO] - 3200
[2024-01-04 11:22:31,798][__main__][INFO] - 3300
[2024-01-04 11:22:32,229][__main__][INFO] - 3400
[2024-01-04 11:22:32,689][__main__][INFO] - 3500
[2024-01-04 11:22:33,126][__main__][INFO] - 3600
[2024-01-04 11:22:33,551][__main__][INFO] - 3700
[2024-01-04 11:22:33,769][__main__][INFO] - Epoch 2 complete!,  Average Loss: 96.22708242217456
[2024-01-04 11:22:33,769][__main__][INFO] - Finish!!
[2024-01-04 11:22:33,773][__main__][INFO] - 0
